<?xml version="1.0" encoding="UTF-8"?>
<!-- Generated by org.testng.reporters.JUnitReportReporter -->
<testsuite skipped="0" hostname="LAPTOP-TARNTQIH" name="example.NewTest" tests="1" failures="0" timestamp="2021-07-10T00:47:43 IST" time="0.003" errors="0">
  <testcase name="f" time="0.003" classname="example.NewTest"/>
  <system-out/>
</testsuite> <!-- example.NewTest -->
